2022-07-27 10:51:20,918 INFO PERFORMANCE:|2|2|-1|-1

2022-07-27 10:55:30,552 INFO PERFORMANCE:|0|0|-1|-1

2022-07-27 11:00:30,562 INFO PERFORMANCE:|3|3|-1|-1

2022-07-27 11:05:30,571 INFO PERFORMANCE:|3|3|-1|-1

2022-07-27 11:10:30,580 INFO PERFORMANCE:|3|3|-1|-1

2022-07-27 11:15:30,588 INFO PERFORMANCE:|3|3|-1|-1

2022-07-27 11:20:30,597 INFO PERFORMANCE:|3|3|-1|-1

2022-07-27 11:25:30,606 INFO PERFORMANCE:|3|10|-1|-1

2022-07-27 11:30:30,615 INFO PERFORMANCE:|3|10|-1|-1

2022-07-27 11:35:30,625 INFO PERFORMANCE:|3|10|-1|-1

2022-07-27 11:40:30,634 INFO PERFORMANCE:|4|11|-1|-1

2022-07-27 11:45:30,643 INFO PERFORMANCE:|4|11|-1|-1

2022-07-27 11:50:30,652 INFO PERFORMANCE:|4|11|-1|-1

2022-07-27 11:53:16,763 INFO PERFORMANCE:|4|11|-1|-1

2022-07-27 11:58:16,772 INFO PERFORMANCE:|4|8|-1|-1

2022-07-27 12:03:16,781 INFO PERFORMANCE:|4|8|-1|-1

2022-07-27 12:08:16,790 INFO PERFORMANCE:|4|8|-1|-1

2022-07-27 12:13:16,799 INFO PERFORMANCE:|4|8|-1|-1

2022-07-27 12:18:16,808 INFO PERFORMANCE:|4|8|-1|-1

2022-07-27 12:23:16,818 INFO PERFORMANCE:|4|8|-1|-1

2022-07-27 12:28:16,826 INFO PERFORMANCE:|4|8|-1|-1

2022-07-27 12:33:16,834 INFO PERFORMANCE:|4|8|-1|-1

2022-07-27 12:38:16,842 INFO PERFORMANCE:|4|8|-1|-1

2022-07-27 12:43:16,851 INFO PERFORMANCE:|4|8|-1|-1

2022-07-27 12:48:16,859 INFO PERFORMANCE:|4|8|-1|-1

2022-07-27 12:53:16,869 INFO PERFORMANCE:|4|9|-1|-1

2022-07-27 12:58:16,878 INFO PERFORMANCE:|4|9|-1|-1

2022-07-27 13:03:16,887 INFO PERFORMANCE:|4|9|-1|-1

2022-07-27 13:08:16,896 INFO PERFORMANCE:|4|9|-1|-1

2022-07-27 13:13:16,905 INFO PERFORMANCE:|4|8|-1|-1

2022-07-27 13:18:16,914 INFO PERFORMANCE:|4|8|-1|-1

2022-07-27 13:23:16,923 INFO PERFORMANCE:|4|8|-1|-1

2022-07-27 13:28:16,933 INFO PERFORMANCE:|4|8|-1|-1

2022-07-27 13:33:16,932 INFO PERFORMANCE:|4|8|-1|-1

2022-07-27 13:39:26,441 INFO PERFORMANCE:|4|8|-1|-1

2022-07-27 13:44:26,449 INFO PERFORMANCE:|4|8|-1|-1

2022-07-27 13:49:26,459 INFO PERFORMANCE:|4|8|-1|-1

2022-07-27 15:05:03,896 INFO PERFORMANCE:|4|8|-1|-1

2022-07-27 15:39:20,700 INFO PERFORMANCE:|4|8|-1|-1

2022-07-27 15:46:06,383 INFO PERFORMANCE:|4|8|-1|-1

2022-07-27 16:25:48,249 INFO PERFORMANCE:|4|8|-1|-1

